<?xml version="1.0" encoding="UTF-8"?>
<testsuite xmlns:xsi="http://www.w3.org/2001/XMLSchema-instance" xsi:noNamespaceSchemaLocation="https://maven.apache.org/surefire/maven-surefire-plugin/xsd/surefire-test-report-3.0.xsd" version="3.0" name="TestSuite" time="10.68" tests="23" errors="0" skipped="0" failures="11">
  <properties>
    <property name="sun.desktop" value="windows"/>
    <property name="awt.toolkit" value="sun.awt.windows.WToolkit"/>
    <property name="file.encoding.pkg" value="sun.io"/>
    <property name="java.specification.version" value="1.8"/>
    <property name="sun.cpu.isalist" value="amd64"/>
    <property name="sun.jnu.encoding" value="Cp1252"/>
    <property name="java.class.path" value="D:\EclipseWS\RestAssuredAPITesting\target\test-classes;D:\EclipseWS\RestAssuredAPITesting\target\classes;C:\Users\naman.misra.DELL-NAMANMISHA\.m2\repository\io\rest-assured\rest-assured\4.3.3\rest-assured-4.3.3.jar;C:\Users\naman.misra.DELL-NAMANMISHA\.m2\repository\org\codehaus\groovy\groovy\3.0.7\groovy-3.0.7.jar;C:\Users\naman.misra.DELL-NAMANMISHA\.m2\repository\org\codehaus\groovy\groovy-xml\3.0.7\groovy-xml-3.0.7.jar;C:\Users\naman.misra.DELL-NAMANMISHA\.m2\repository\org\apache\httpcomponents\httpclient\4.5.3\httpclient-4.5.3.jar;C:\Users\naman.misra.DELL-NAMANMISHA\.m2\repository\org\apache\httpcomponents\httpcore\4.4.6\httpcore-4.4.6.jar;C:\Users\naman.misra.DELL-NAMANMISHA\.m2\repository\commons-logging\commons-logging\1.2\commons-logging-1.2.jar;C:\Users\naman.misra.DELL-NAMANMISHA\.m2\repository\org\apache\httpcomponents\httpmime\4.5.3\httpmime-4.5.3.jar;C:\Users\naman.misra.DELL-NAMANMISHA\.m2\repository\org\hamcrest\hamcrest\2.1\hamcrest-2.1.jar;C:\Users\naman.misra.DELL-NAMANMISHA\.m2\repository\org\ccil\cowan\tagsoup\tagsoup\1.2.1\tagsoup-1.2.1.jar;C:\Users\naman.misra.DELL-NAMANMISHA\.m2\repository\io\rest-assured\json-path\4.3.3\json-path-4.3.3.jar;C:\Users\naman.misra.DELL-NAMANMISHA\.m2\repository\org\codehaus\groovy\groovy-json\3.0.7\groovy-json-3.0.7.jar;C:\Users\naman.misra.DELL-NAMANMISHA\.m2\repository\io\rest-assured\rest-assured-common\4.3.3\rest-assured-common-4.3.3.jar;C:\Users\naman.misra.DELL-NAMANMISHA\.m2\repository\io\rest-assured\xml-path\4.3.3\xml-path-4.3.3.jar;C:\Users\naman.misra.DELL-NAMANMISHA\.m2\repository\org\apache\commons\commons-lang3\3.11\commons-lang3-3.11.jar;C:\Users\naman.misra.DELL-NAMANMISHA\.m2\repository\jakarta\xml\bind\jakarta.xml.bind-api\2.3.3\jakarta.xml.bind-api-2.3.3.jar;C:\Users\naman.misra.DELL-NAMANMISHA\.m2\repository\jakarta\activation\jakarta.activation-api\1.2.2\jakarta.activation-api-1.2.2.jar;C:\Users\naman.misra.DELL-NAMANMISHA\.m2\repository\com\sun\xml\bind\jaxb-impl\2.3.3\jaxb-impl-2.3.3.jar;C:\Users\naman.misra.DELL-NAMANMISHA\.m2\repository\org\testng\testng\7.4.0\testng-7.4.0.jar;C:\Users\naman.misra.DELL-NAMANMISHA\.m2\repository\com\beust\jcommander\1.78\jcommander-1.78.jar;C:\Users\naman.misra.DELL-NAMANMISHA\.m2\repository\org\webjars\jquery\3.5.1\jquery-3.5.1.jar;C:\Users\naman.misra.DELL-NAMANMISHA\.m2\repository\com\googlecode\json-simple\json-simple\1.1.1\json-simple-1.1.1.jar;C:\Users\naman.misra.DELL-NAMANMISHA\.m2\repository\junit\junit\4.10\junit-4.10.jar;C:\Users\naman.misra.DELL-NAMANMISHA\.m2\repository\org\hamcrest\hamcrest-core\1.1\hamcrest-core-1.1.jar;C:\Users\naman.misra.DELL-NAMANMISHA\.m2\repository\org\apache\poi\poi\5.0.0\poi-5.0.0.jar;C:\Users\naman.misra.DELL-NAMANMISHA\.m2\repository\org\slf4j\slf4j-api\1.7.30\slf4j-api-1.7.30.jar;C:\Users\naman.misra.DELL-NAMANMISHA\.m2\repository\org\slf4j\jcl-over-slf4j\1.7.30\jcl-over-slf4j-1.7.30.jar;C:\Users\naman.misra.DELL-NAMANMISHA\.m2\repository\commons-codec\commons-codec\1.15\commons-codec-1.15.jar;C:\Users\naman.misra.DELL-NAMANMISHA\.m2\repository\org\apache\commons\commons-collections4\4.4\commons-collections4-4.4.jar;C:\Users\naman.misra.DELL-NAMANMISHA\.m2\repository\org\apache\commons\commons-math3\3.6.1\commons-math3-3.6.1.jar;C:\Users\naman.misra.DELL-NAMANMISHA\.m2\repository\com\zaxxer\SparseBitSet\1.2\SparseBitSet-1.2.jar;C:\Users\naman.misra.DELL-NAMANMISHA\.m2\repository\org\apache\poi\poi-ooxml\5.0.0\poi-ooxml-5.0.0.jar;C:\Users\naman.misra.DELL-NAMANMISHA\.m2\repository\org\apache\poi\poi-ooxml-lite\5.0.0\poi-ooxml-lite-5.0.0.jar;C:\Users\naman.misra.DELL-NAMANMISHA\.m2\repository\org\apache\xmlbeans\xmlbeans\4.0.0\xmlbeans-4.0.0.jar;C:\Users\naman.misra.DELL-NAMANMISHA\.m2\repository\xml-apis\xml-apis\1.4.01\xml-apis-1.4.01.jar;C:\Users\naman.misra.DELL-NAMANMISHA\.m2\repository\org\apache\commons\commons-compress\1.20\commons-compress-1.20.jar;C:\Users\naman.misra.DELL-NAMANMISHA\.m2\repository\com\github\virtuald\curvesapi\1.06\curvesapi-1.06.jar;C:\Users\naman.misra.DELL-NAMANMISHA\.m2\repository\org\bouncycastle\bcpkix-jdk15on\1.68\bcpkix-jdk15on-1.68.jar;C:\Users\naman.misra.DELL-NAMANMISHA\.m2\repository\org\bouncycastle\bcprov-jdk15on\1.68\bcprov-jdk15on-1.68.jar;C:\Users\naman.misra.DELL-NAMANMISHA\.m2\repository\org\apache\santuario\xmlsec\2.2.1\xmlsec-2.2.1.jar;C:\Users\naman.misra.DELL-NAMANMISHA\.m2\repository\com\fasterxml\woodstox\woodstox-core\5.2.1\woodstox-core-5.2.1.jar;C:\Users\naman.misra.DELL-NAMANMISHA\.m2\repository\org\codehaus\woodstox\stax2-api\4.2\stax2-api-4.2.jar;C:\Users\naman.misra.DELL-NAMANMISHA\.m2\repository\org\apache\xmlgraphics\batik-all\1.13\batik-all-1.13.jar;C:\Users\naman.misra.DELL-NAMANMISHA\.m2\repository\org\apache\xmlgraphics\batik-anim\1.13\batik-anim-1.13.jar;C:\Users\naman.misra.DELL-NAMANMISHA\.m2\repository\org\apache\xmlgraphics\batik-shared-resources\1.13\batik-shared-resources-1.13.jar;C:\Users\naman.misra.DELL-NAMANMISHA\.m2\repository\xml-apis\xml-apis-ext\1.3.04\xml-apis-ext-1.3.04.jar;C:\Users\naman.misra.DELL-NAMANMISHA\.m2\repository\org\apache\xmlgraphics\batik-awt-util\1.13\batik-awt-util-1.13.jar;C:\Users\naman.misra.DELL-NAMANMISHA\.m2\repository\org\apache\xmlgraphics\xmlgraphics-commons\2.4\xmlgraphics-commons-2.4.jar;C:\Users\naman.misra.DELL-NAMANMISHA\.m2\repository\commons-io\commons-io\1.3.1\commons-io-1.3.1.jar;C:\Users\naman.misra.DELL-NAMANMISHA\.m2\repository\org\apache\xmlgraphics\batik-bridge\1.13\batik-bridge-1.13.jar;C:\Users\naman.misra.DELL-NAMANMISHA\.m2\repository\org\apache\xmlgraphics\batik-codec\1.13\batik-codec-1.13.jar;C:\Users\naman.misra.DELL-NAMANMISHA\.m2\repository\org\apache\xmlgraphics\batik-constants\1.13\batik-constants-1.13.jar;C:\Users\naman.misra.DELL-NAMANMISHA\.m2\repository\org\apache\xmlgraphics\batik-css\1.13\batik-css-1.13.jar;C:\Users\naman.misra.DELL-NAMANMISHA\.m2\repository\org\apache\xmlgraphics\batik-dom\1.13\batik-dom-1.13.jar;C:\Users\naman.misra.DELL-NAMANMISHA\.m2\repository\xalan\xalan\2.7.2\xalan-2.7.2.jar;C:\Users\naman.misra.DELL-NAMANMISHA\.m2\repository\xalan\serializer\2.7.2\serializer-2.7.2.jar;C:\Users\naman.misra.DELL-NAMANMISHA\.m2\repository\org\apache\xmlgraphics\batik-ext\1.13\batik-ext-1.13.jar;C:\Users\naman.misra.DELL-NAMANMISHA\.m2\repository\org\apache\xmlgraphics\batik-extension\1.13\batik-extension-1.13.jar;C:\Users\naman.misra.DELL-NAMANMISHA\.m2\repository\org\apache\xmlgraphics\batik-gui-util\1.13\batik-gui-util-1.13.jar;C:\Users\naman.misra.DELL-NAMANMISHA\.m2\repository\org\apache\xmlgraphics\batik-gvt\1.13\batik-gvt-1.13.jar;C:\Users\naman.misra.DELL-NAMANMISHA\.m2\repository\org\apache\xmlgraphics\batik-i18n\1.13\batik-i18n-1.13.jar;C:\Users\naman.misra.DELL-NAMANMISHA\.m2\repository\org\apache\xmlgraphics\batik-parser\1.13\batik-parser-1.13.jar;C:\Users\naman.misra.DELL-NAMANMISHA\.m2\repository\org\apache\xmlgraphics\batik-rasterizer-ext\1.13\batik-rasterizer-ext-1.13.jar;C:\Users\naman.misra.DELL-NAMANMISHA\.m2\repository\org\apache\xmlgraphics\batik-rasterizer\1.13\batik-rasterizer-1.13.jar;C:\Users\naman.misra.DELL-NAMANMISHA\.m2\repository\org\apache\xmlgraphics\batik-script\1.13\batik-script-1.13.jar;C:\Users\naman.misra.DELL-NAMANMISHA\.m2\repository\org\apache\xmlgraphics\batik-slideshow\1.13\batik-slideshow-1.13.jar;C:\Users\naman.misra.DELL-NAMANMISHA\.m2\repository\org\apache\xmlgraphics\batik-squiggle-ext\1.13\batik-squiggle-ext-1.13.jar;C:\Users\naman.misra.DELL-NAMANMISHA\.m2\repository\org\apache\xmlgraphics\batik-squiggle\1.13\batik-squiggle-1.13.jar;C:\Users\naman.misra.DELL-NAMANMISHA\.m2\repository\org\apache\xmlgraphics\batik-svg-dom\1.13\batik-svg-dom-1.13.jar;C:\Users\naman.misra.DELL-NAMANMISHA\.m2\repository\org\apache\xmlgraphics\batik-svgbrowser\1.13\batik-svgbrowser-1.13.jar;C:\Users\naman.misra.DELL-NAMANMISHA\.m2\repository\org\apache\xmlgraphics\batik-svggen\1.13\batik-svggen-1.13.jar;C:\Users\naman.misra.DELL-NAMANMISHA\.m2\repository\org\apache\xmlgraphics\batik-svgpp\1.13\batik-svgpp-1.13.jar;C:\Users\naman.misra.DELL-NAMANMISHA\.m2\repository\org\apache\xmlgraphics\batik-svgrasterizer\1.13\batik-svgrasterizer-1.13.jar;C:\Users\naman.misra.DELL-NAMANMISHA\.m2\repository\org\apache\xmlgraphics\batik-swing\1.13\batik-swing-1.13.jar;C:\Users\naman.misra.DELL-NAMANMISHA\.m2\repository\org\apache\xmlgraphics\batik-transcoder\1.13\batik-transcoder-1.13.jar;C:\Users\naman.misra.DELL-NAMANMISHA\.m2\repository\org\apache\xmlgraphics\batik-util\1.13\batik-util-1.13.jar;C:\Users\naman.misra.DELL-NAMANMISHA\.m2\repository\org\apache\xmlgraphics\batik-ttf2svg\1.13\batik-ttf2svg-1.13.jar;C:\Users\naman.misra.DELL-NAMANMISHA\.m2\repository\org\apache\xmlgraphics\batik-xml\1.13\batik-xml-1.13.jar;C:\Users\naman.misra.DELL-NAMANMISHA\.m2\repository\de\rototor\pdfbox\graphics2d\0.30\graphics2d-0.30.jar;C:\Users\naman.misra.DELL-NAMANMISHA\.m2\repository\org\apache\pdfbox\pdfbox\2.0.22\pdfbox-2.0.22.jar;C:\Users\naman.misra.DELL-NAMANMISHA\.m2\repository\org\apache\pdfbox\fontbox\2.0.22\fontbox-2.0.22.jar;C:\Users\naman.misra.DELL-NAMANMISHA\.m2\repository\log4j\log4j\1.2.17\log4j-1.2.17.jar;C:\Users\naman.misra.DELL-NAMANMISHA\.m2\repository\com\aventstack\extentreports\5.0.1\extentreports-5.0.1.jar;C:\Users\naman.misra.DELL-NAMANMISHA\.m2\repository\io\reactivex\rxjava3\rxjava\3.0.4\rxjava-3.0.4.jar;C:\Users\naman.misra.DELL-NAMANMISHA\.m2\repository\org\reactivestreams\reactive-streams\1.0.3\reactive-streams-1.0.3.jar;C:\Users\naman.misra.DELL-NAMANMISHA\.m2\repository\org\freemarker\freemarker\2.3.30\freemarker-2.3.30.jar;C:\Users\naman.misra.DELL-NAMANMISHA\.m2\repository\org\projectlombok\lombok\1.18.12\lombok-1.18.12.jar;C:\Users\naman.misra.DELL-NAMANMISHA\.m2\repository\com\google\code\gson\gson\2.8.6\gson-2.8.6.jar;"/>
    <property name="java.vm.vendor" value="Oracle Corporation"/>
    <property name="sun.arch.data.model" value="64"/>
    <property name="user.variant" value=""/>
    <property name="java.vendor.url" value="http://java.oracle.com/"/>
    <property name="user.timezone" value="Asia/Calcutta"/>
    <property name="java.vm.specification.version" value="1.8"/>
    <property name="os.name" value="Windows 10"/>
    <property name="user.country" value="IN"/>
    <property name="sun.java.launcher" value="SUN_STANDARD"/>
    <property name="sun.boot.library.path" value="C:\Program Files\Java\jdk1.8.0_211\jre\bin"/>
    <property name="sun.java.command" value="C:\Users\naman.misra.DELL-NAMANMISHA\AppData\Local\Temp\surefire7745197366560030053\surefirebooter4099523643638405497.jar C:\Users\naman.misra.DELL-NAMANMISHA\AppData\Local\Temp\surefire7745197366560030053 2021-04-09T11-55-11_208-jvmRun1 surefire3973078834171715872tmp surefire_03086764740760979758tmp"/>
    <property name="surefire.test.class.path" value="D:\EclipseWS\RestAssuredAPITesting\target\test-classes;D:\EclipseWS\RestAssuredAPITesting\target\classes;C:\Users\naman.misra.DELL-NAMANMISHA\.m2\repository\io\rest-assured\rest-assured\4.3.3\rest-assured-4.3.3.jar;C:\Users\naman.misra.DELL-NAMANMISHA\.m2\repository\org\codehaus\groovy\groovy\3.0.7\groovy-3.0.7.jar;C:\Users\naman.misra.DELL-NAMANMISHA\.m2\repository\org\codehaus\groovy\groovy-xml\3.0.7\groovy-xml-3.0.7.jar;C:\Users\naman.misra.DELL-NAMANMISHA\.m2\repository\org\apache\httpcomponents\httpclient\4.5.3\httpclient-4.5.3.jar;C:\Users\naman.misra.DELL-NAMANMISHA\.m2\repository\org\apache\httpcomponents\httpcore\4.4.6\httpcore-4.4.6.jar;C:\Users\naman.misra.DELL-NAMANMISHA\.m2\repository\commons-logging\commons-logging\1.2\commons-logging-1.2.jar;C:\Users\naman.misra.DELL-NAMANMISHA\.m2\repository\org\apache\httpcomponents\httpmime\4.5.3\httpmime-4.5.3.jar;C:\Users\naman.misra.DELL-NAMANMISHA\.m2\repository\org\hamcrest\hamcrest\2.1\hamcrest-2.1.jar;C:\Users\naman.misra.DELL-NAMANMISHA\.m2\repository\org\ccil\cowan\tagsoup\tagsoup\1.2.1\tagsoup-1.2.1.jar;C:\Users\naman.misra.DELL-NAMANMISHA\.m2\repository\io\rest-assured\json-path\4.3.3\json-path-4.3.3.jar;C:\Users\naman.misra.DELL-NAMANMISHA\.m2\repository\org\codehaus\groovy\groovy-json\3.0.7\groovy-json-3.0.7.jar;C:\Users\naman.misra.DELL-NAMANMISHA\.m2\repository\io\rest-assured\rest-assured-common\4.3.3\rest-assured-common-4.3.3.jar;C:\Users\naman.misra.DELL-NAMANMISHA\.m2\repository\io\rest-assured\xml-path\4.3.3\xml-path-4.3.3.jar;C:\Users\naman.misra.DELL-NAMANMISHA\.m2\repository\org\apache\commons\commons-lang3\3.11\commons-lang3-3.11.jar;C:\Users\naman.misra.DELL-NAMANMISHA\.m2\repository\jakarta\xml\bind\jakarta.xml.bind-api\2.3.3\jakarta.xml.bind-api-2.3.3.jar;C:\Users\naman.misra.DELL-NAMANMISHA\.m2\repository\jakarta\activation\jakarta.activation-api\1.2.2\jakarta.activation-api-1.2.2.jar;C:\Users\naman.misra.DELL-NAMANMISHA\.m2\repository\com\sun\xml\bind\jaxb-impl\2.3.3\jaxb-impl-2.3.3.jar;C:\Users\naman.misra.DELL-NAMANMISHA\.m2\repository\org\testng\testng\7.4.0\testng-7.4.0.jar;C:\Users\naman.misra.DELL-NAMANMISHA\.m2\repository\com\beust\jcommander\1.78\jcommander-1.78.jar;C:\Users\naman.misra.DELL-NAMANMISHA\.m2\repository\org\webjars\jquery\3.5.1\jquery-3.5.1.jar;C:\Users\naman.misra.DELL-NAMANMISHA\.m2\repository\com\googlecode\json-simple\json-simple\1.1.1\json-simple-1.1.1.jar;C:\Users\naman.misra.DELL-NAMANMISHA\.m2\repository\junit\junit\4.10\junit-4.10.jar;C:\Users\naman.misra.DELL-NAMANMISHA\.m2\repository\org\hamcrest\hamcrest-core\1.1\hamcrest-core-1.1.jar;C:\Users\naman.misra.DELL-NAMANMISHA\.m2\repository\org\apache\poi\poi\5.0.0\poi-5.0.0.jar;C:\Users\naman.misra.DELL-NAMANMISHA\.m2\repository\org\slf4j\slf4j-api\1.7.30\slf4j-api-1.7.30.jar;C:\Users\naman.misra.DELL-NAMANMISHA\.m2\repository\org\slf4j\jcl-over-slf4j\1.7.30\jcl-over-slf4j-1.7.30.jar;C:\Users\naman.misra.DELL-NAMANMISHA\.m2\repository\commons-codec\commons-codec\1.15\commons-codec-1.15.jar;C:\Users\naman.misra.DELL-NAMANMISHA\.m2\repository\org\apache\commons\commons-collections4\4.4\commons-collections4-4.4.jar;C:\Users\naman.misra.DELL-NAMANMISHA\.m2\repository\org\apache\commons\commons-math3\3.6.1\commons-math3-3.6.1.jar;C:\Users\naman.misra.DELL-NAMANMISHA\.m2\repository\com\zaxxer\SparseBitSet\1.2\SparseBitSet-1.2.jar;C:\Users\naman.misra.DELL-NAMANMISHA\.m2\repository\org\apache\poi\poi-ooxml\5.0.0\poi-ooxml-5.0.0.jar;C:\Users\naman.misra.DELL-NAMANMISHA\.m2\repository\org\apache\poi\poi-ooxml-lite\5.0.0\poi-ooxml-lite-5.0.0.jar;C:\Users\naman.misra.DELL-NAMANMISHA\.m2\repository\org\apache\xmlbeans\xmlbeans\4.0.0\xmlbeans-4.0.0.jar;C:\Users\naman.misra.DELL-NAMANMISHA\.m2\repository\xml-apis\xml-apis\1.4.01\xml-apis-1.4.01.jar;C:\Users\naman.misra.DELL-NAMANMISHA\.m2\repository\org\apache\commons\commons-compress\1.20\commons-compress-1.20.jar;C:\Users\naman.misra.DELL-NAMANMISHA\.m2\repository\com\github\virtuald\curvesapi\1.06\curvesapi-1.06.jar;C:\Users\naman.misra.DELL-NAMANMISHA\.m2\repository\org\bouncycastle\bcpkix-jdk15on\1.68\bcpkix-jdk15on-1.68.jar;C:\Users\naman.misra.DELL-NAMANMISHA\.m2\repository\org\bouncycastle\bcprov-jdk15on\1.68\bcprov-jdk15on-1.68.jar;C:\Users\naman.misra.DELL-NAMANMISHA\.m2\repository\org\apache\santuario\xmlsec\2.2.1\xmlsec-2.2.1.jar;C:\Users\naman.misra.DELL-NAMANMISHA\.m2\repository\com\fasterxml\woodstox\woodstox-core\5.2.1\woodstox-core-5.2.1.jar;C:\Users\naman.misra.DELL-NAMANMISHA\.m2\repository\org\codehaus\woodstox\stax2-api\4.2\stax2-api-4.2.jar;C:\Users\naman.misra.DELL-NAMANMISHA\.m2\repository\org\apache\xmlgraphics\batik-all\1.13\batik-all-1.13.jar;C:\Users\naman.misra.DELL-NAMANMISHA\.m2\repository\org\apache\xmlgraphics\batik-anim\1.13\batik-anim-1.13.jar;C:\Users\naman.misra.DELL-NAMANMISHA\.m2\repository\org\apache\xmlgraphics\batik-shared-resources\1.13\batik-shared-resources-1.13.jar;C:\Users\naman.misra.DELL-NAMANMISHA\.m2\repository\xml-apis\xml-apis-ext\1.3.04\xml-apis-ext-1.3.04.jar;C:\Users\naman.misra.DELL-NAMANMISHA\.m2\repository\org\apache\xmlgraphics\batik-awt-util\1.13\batik-awt-util-1.13.jar;C:\Users\naman.misra.DELL-NAMANMISHA\.m2\repository\org\apache\xmlgraphics\xmlgraphics-commons\2.4\xmlgraphics-commons-2.4.jar;C:\Users\naman.misra.DELL-NAMANMISHA\.m2\repository\commons-io\commons-io\1.3.1\commons-io-1.3.1.jar;C:\Users\naman.misra.DELL-NAMANMISHA\.m2\repository\org\apache\xmlgraphics\batik-bridge\1.13\batik-bridge-1.13.jar;C:\Users\naman.misra.DELL-NAMANMISHA\.m2\repository\org\apache\xmlgraphics\batik-codec\1.13\batik-codec-1.13.jar;C:\Users\naman.misra.DELL-NAMANMISHA\.m2\repository\org\apache\xmlgraphics\batik-constants\1.13\batik-constants-1.13.jar;C:\Users\naman.misra.DELL-NAMANMISHA\.m2\repository\org\apache\xmlgraphics\batik-css\1.13\batik-css-1.13.jar;C:\Users\naman.misra.DELL-NAMANMISHA\.m2\repository\org\apache\xmlgraphics\batik-dom\1.13\batik-dom-1.13.jar;C:\Users\naman.misra.DELL-NAMANMISHA\.m2\repository\xalan\xalan\2.7.2\xalan-2.7.2.jar;C:\Users\naman.misra.DELL-NAMANMISHA\.m2\repository\xalan\serializer\2.7.2\serializer-2.7.2.jar;C:\Users\naman.misra.DELL-NAMANMISHA\.m2\repository\org\apache\xmlgraphics\batik-ext\1.13\batik-ext-1.13.jar;C:\Users\naman.misra.DELL-NAMANMISHA\.m2\repository\org\apache\xmlgraphics\batik-extension\1.13\batik-extension-1.13.jar;C:\Users\naman.misra.DELL-NAMANMISHA\.m2\repository\org\apache\xmlgraphics\batik-gui-util\1.13\batik-gui-util-1.13.jar;C:\Users\naman.misra.DELL-NAMANMISHA\.m2\repository\org\apache\xmlgraphics\batik-gvt\1.13\batik-gvt-1.13.jar;C:\Users\naman.misra.DELL-NAMANMISHA\.m2\repository\org\apache\xmlgraphics\batik-i18n\1.13\batik-i18n-1.13.jar;C:\Users\naman.misra.DELL-NAMANMISHA\.m2\repository\org\apache\xmlgraphics\batik-parser\1.13\batik-parser-1.13.jar;C:\Users\naman.misra.DELL-NAMANMISHA\.m2\repository\org\apache\xmlgraphics\batik-rasterizer-ext\1.13\batik-rasterizer-ext-1.13.jar;C:\Users\naman.misra.DELL-NAMANMISHA\.m2\repository\org\apache\xmlgraphics\batik-rasterizer\1.13\batik-rasterizer-1.13.jar;C:\Users\naman.misra.DELL-NAMANMISHA\.m2\repository\org\apache\xmlgraphics\batik-script\1.13\batik-script-1.13.jar;C:\Users\naman.misra.DELL-NAMANMISHA\.m2\repository\org\apache\xmlgraphics\batik-slideshow\1.13\batik-slideshow-1.13.jar;C:\Users\naman.misra.DELL-NAMANMISHA\.m2\repository\org\apache\xmlgraphics\batik-squiggle-ext\1.13\batik-squiggle-ext-1.13.jar;C:\Users\naman.misra.DELL-NAMANMISHA\.m2\repository\org\apache\xmlgraphics\batik-squiggle\1.13\batik-squiggle-1.13.jar;C:\Users\naman.misra.DELL-NAMANMISHA\.m2\repository\org\apache\xmlgraphics\batik-svg-dom\1.13\batik-svg-dom-1.13.jar;C:\Users\naman.misra.DELL-NAMANMISHA\.m2\repository\org\apache\xmlgraphics\batik-svgbrowser\1.13\batik-svgbrowser-1.13.jar;C:\Users\naman.misra.DELL-NAMANMISHA\.m2\repository\org\apache\xmlgraphics\batik-svggen\1.13\batik-svggen-1.13.jar;C:\Users\naman.misra.DELL-NAMANMISHA\.m2\repository\org\apache\xmlgraphics\batik-svgpp\1.13\batik-svgpp-1.13.jar;C:\Users\naman.misra.DELL-NAMANMISHA\.m2\repository\org\apache\xmlgraphics\batik-svgrasterizer\1.13\batik-svgrasterizer-1.13.jar;C:\Users\naman.misra.DELL-NAMANMISHA\.m2\repository\org\apache\xmlgraphics\batik-swing\1.13\batik-swing-1.13.jar;C:\Users\naman.misra.DELL-NAMANMISHA\.m2\repository\org\apache\xmlgraphics\batik-transcoder\1.13\batik-transcoder-1.13.jar;C:\Users\naman.misra.DELL-NAMANMISHA\.m2\repository\org\apache\xmlgraphics\batik-util\1.13\batik-util-1.13.jar;C:\Users\naman.misra.DELL-NAMANMISHA\.m2\repository\org\apache\xmlgraphics\batik-ttf2svg\1.13\batik-ttf2svg-1.13.jar;C:\Users\naman.misra.DELL-NAMANMISHA\.m2\repository\org\apache\xmlgraphics\batik-xml\1.13\batik-xml-1.13.jar;C:\Users\naman.misra.DELL-NAMANMISHA\.m2\repository\de\rototor\pdfbox\graphics2d\0.30\graphics2d-0.30.jar;C:\Users\naman.misra.DELL-NAMANMISHA\.m2\repository\org\apache\pdfbox\pdfbox\2.0.22\pdfbox-2.0.22.jar;C:\Users\naman.misra.DELL-NAMANMISHA\.m2\repository\org\apache\pdfbox\fontbox\2.0.22\fontbox-2.0.22.jar;C:\Users\naman.misra.DELL-NAMANMISHA\.m2\repository\log4j\log4j\1.2.17\log4j-1.2.17.jar;C:\Users\naman.misra.DELL-NAMANMISHA\.m2\repository\com\aventstack\extentreports\5.0.1\extentreports-5.0.1.jar;C:\Users\naman.misra.DELL-NAMANMISHA\.m2\repository\io\reactivex\rxjava3\rxjava\3.0.4\rxjava-3.0.4.jar;C:\Users\naman.misra.DELL-NAMANMISHA\.m2\repository\org\reactivestreams\reactive-streams\1.0.3\reactive-streams-1.0.3.jar;C:\Users\naman.misra.DELL-NAMANMISHA\.m2\repository\org\freemarker\freemarker\2.3.30\freemarker-2.3.30.jar;C:\Users\naman.misra.DELL-NAMANMISHA\.m2\repository\org\projectlombok\lombok\1.18.12\lombok-1.18.12.jar;C:\Users\naman.misra.DELL-NAMANMISHA\.m2\repository\com\google\code\gson\gson\2.8.6\gson-2.8.6.jar;"/>
    <property name="sun.cpu.endian" value="little"/>
    <property name="user.home" value="C:\Users\naman.misra.DELL-NAMANMISHA"/>
    <property name="user.language" value="en"/>
    <property name="java.specification.vendor" value="Oracle Corporation"/>
    <property name="java.home" value="C:\Program Files\Java\jdk1.8.0_211\jre"/>
    <property name="basedir" value="D:\EclipseWS\RestAssuredAPITesting"/>
    <property name="file.separator" value="\"/>
    <property name="line.separator" value="&#10;"/>
    <property name="java.vm.specification.vendor" value="Oracle Corporation"/>
    <property name="java.specification.name" value="Java Platform API Specification"/>
    <property name="java.awt.graphicsenv" value="sun.awt.Win32GraphicsEnvironment"/>
    <property name="surefire.real.class.path" value="C:\Users\naman.misra.DELL-NAMANMISHA\AppData\Local\Temp\surefire7745197366560030053\surefirebooter4099523643638405497.jar"/>
    <property name="sun.boot.class.path" value="C:\Program Files\Java\jdk1.8.0_211\jre\lib\resources.jar;C:\Program Files\Java\jdk1.8.0_211\jre\lib\rt.jar;C:\Program Files\Java\jdk1.8.0_211\jre\lib\sunrsasign.jar;C:\Program Files\Java\jdk1.8.0_211\jre\lib\jsse.jar;C:\Program Files\Java\jdk1.8.0_211\jre\lib\jce.jar;C:\Program Files\Java\jdk1.8.0_211\jre\lib\charsets.jar;C:\Program Files\Java\jdk1.8.0_211\jre\lib\jfr.jar;C:\Program Files\Java\jdk1.8.0_211\jre\classes"/>
    <property name="user.script" value=""/>
    <property name="sun.management.compiler" value="HotSpot 64-Bit Tiered Compilers"/>
    <property name="java.runtime.version" value="1.8.0_211-b12"/>
    <property name="user.name" value="naman.misra"/>
    <property name="path.separator" value=";"/>
    <property name="os.version" value="10.0"/>
    <property name="java.endorsed.dirs" value="C:\Program Files\Java\jdk1.8.0_211\jre\lib\endorsed"/>
    <property name="java.runtime.name" value="Java(TM) SE Runtime Environment"/>
    <property name="file.encoding" value="Cp1252"/>
    <property name="java.vm.name" value="Java HotSpot(TM) 64-Bit Server VM"/>
    <property name="localRepository" value="C:\Users\naman.misra.DELL-NAMANMISHA\.m2\repository"/>
    <property name="java.vendor.url.bug" value="http://bugreport.sun.com/bugreport/"/>
    <property name="java.io.tmpdir" value="C:\Users\NAMANM~1.DEL\AppData\Local\Temp\"/>
    <property name="java.version" value="1.8.0_211"/>
    <property name="user.dir" value="D:\EclipseWS\RestAssuredAPITesting"/>
    <property name="os.arch" value="amd64"/>
    <property name="java.vm.specification.name" value="Java Virtual Machine Specification"/>
    <property name="java.awt.printerjob" value="sun.awt.windows.WPrinterJob"/>
    <property name="sun.os.patch.level" value=""/>
    <property name="java.library.path" value="C:\Program Files\Java\jdk1.8.0_211\jre\bin;C:\WINDOWS\Sun\Java\bin;C:\WINDOWS\system32;C:\WINDOWS;C:\Python38\Scripts\;C:\Python38\;C:\Program Files (x86)\Common Files\Oracle\Java\javapath;C:\Program Files (x86)\Intel\Intel(R) Management Engine Components\iCLS\;C:\Program Files\Intel\Intel(R) Management Engine Components\iCLS\;C:\WINDOWS\system32;C:\WINDOWS;C:\WINDOWS\System32\Wbem;C:\WINDOWS\System32\WindowsPowerShell\v1.0\;C:\WINDOWS\System32\OpenSSH\;C:\Program Files (x86)\Intel\Intel(R) Management Engine Components\DAL;C:\Program Files\Intel\Intel(R) Management Engine Components\DAL;C:\Program Files (x86)\Intel\Intel(R) Management Engine Components\IPT;C:\Program Files\Intel\Intel(R) Management Engine Components\IPT;C:\Program Files\Java\jdk1.8.0_211\bin;C:\Program Files\apache-ant-1.10.8\bin;C:\Program Files\Git\cmd;C:\Program Files\PuTTY\;C:\Program Files\nodejs\;C:\ProgramData\chocolatey\bin;C:\Program Files\Docker\Docker\resources\bin;C:\ProgramData\DockerDesktop\version-bin;C:\Program Files\gradle-6.7.1\bin;C:\Program Files\apache-maven-3.6.3\bin;C:\Users\naman.misra.DELL-NAMANMISHA\AppData\Local\Microsoft\WindowsApps;C:\Users\naman.misra.DELL-NAMANMISHA\AppData\Roaming\npm;."/>
    <property name="java.vm.info" value="mixed mode"/>
    <property name="java.vendor" value="Oracle Corporation"/>
    <property name="java.vm.version" value="25.211-b12"/>
    <property name="java.ext.dirs" value="C:\Program Files\Java\jdk1.8.0_211\jre\lib\ext;C:\WINDOWS\Sun\Java\lib\ext"/>
    <property name="sun.io.unicode.encoding" value="UnicodeLittle"/>
    <property name="java.class.version" value="52.0"/>
  </properties>
  <testcase name="checkContentType" classname="com.employee.testCases.TC002_Get_Single_Employee_Data" time="0.009">
    <system-out><![CDATA[*********** Started TC003_Post_Employee_Record *********
***********Started TC001_Get_All_Employees*********
*********** Started TC005_Delete_Employee_Record *********
*********** Started TC002_Get_Single_Employee Data *********
*********** Started TC004_Put_Employee_Record *********
]]></system-out>
    <system-err><![CDATA[log4j:ERROR Could not find value for key log4j.appender.CONSOLE
log4j:ERROR Could not instantiate appender named "CONSOLE".
log4j:ERROR Could not find value for key log4j.appender.CONSOLE
log4j:ERROR Could not instantiate appender named "CONSOLE".
log4j:ERROR Could not find value for key log4j.appender.CONSOLE
log4j:ERROR Could not instantiate appender named "CONSOLE".
log4j:ERROR Could not find value for key log4j.appender.CONSOLE
log4j:ERROR Could not instantiate appender named "CONSOLE".
log4j:ERROR Could not find value for key log4j.appender.CONSOLE
log4j:ERROR Could not instantiate appender named "CONSOLE".
SLF4J: Failed to load class "org.slf4j.impl.StaticLoggerBinder".
SLF4J: Defaulting to no-operation (NOP) logger implementation
SLF4J: See http://www.slf4j.org/codes.html#StaticLoggerBinder for further details.
]]></system-err>
  </testcase>
  <testcase name="checkResponseBody" classname="com.employee.testCases.TC002_Get_Single_Employee_Data" time="0.008">
    <system-out><![CDATA[****** Checking Response Body *****
]]></system-out>
  </testcase>
  <testcase name="checkResponseTime" classname="com.employee.testCases.TC002_Get_Single_Employee_Data" time="0.001">
    <system-out><![CDATA[*** Checking Response Time ***
Response Time==>1875
]]></system-out>
  </testcase>
  <testcase name="checkStatusCode" classname="com.employee.testCases.TC002_Get_Single_Employee_Data" time="0">
    <system-out><![CDATA[*** Checking Status Code ***
Status Code==>200
]]></system-out>
  </testcase>
  <testcase name="checkstatusLine" classname="com.employee.testCases.TC002_Get_Single_Employee_Data" time="0.001">
    <system-out><![CDATA[*** Check status line ***
Status Line is ==>HTTP/1.1 200 OK
]]></system-out>
  </testcase>
  <testcase name="checkResponseBody" classname="com.employee.testCases.TC001_Get_All_Employees" time="0.012">
    <system-out><![CDATA[*** Test Case End ***
****** Checking Response Body *****
Response Body==>{"status":"success","data":[{"id":"1","employee_name":"Tiger Nixon","employee_salary":"320800","employee_age":"61","profile_image":""},{"id":"2","employee_name":"Garrett Winters","employee_salary":"170750","employee_age":"63","profile_image":""},{"id":"3","employee_name":"Ashton Cox","employee_salary":"86000","employee_age":"66","profile_image":""},{"id":"4","employee_name":"Cedric Kelly","employee_salary":"433060","employee_age":"22","profile_image":""},{"id":"5","employee_name":"Airi Satou","employee_salary":"162700","employee_age":"33","profile_image":""},{"id":"6","employee_name":"Brielle Williamson","employee_salary":"372000","employee_age":"61","profile_image":""},{"id":"7","employee_name":"Herrod Chandler","employee_salary":"137500","employee_age":"59","profile_image":""},{"id":"8","employee_name":"Rhona Davidson","employee_salary":"327900","employee_age":"55","profile_image":""},{"id":"9","employee_name":"Colleen Hurst","employee_salary":"205500","employee_age":"39","profile_image":""},{"id":"10","employee_name":"Sonya Frost","employee_salary":"103600","employee_age":"23","profile_image":""},{"id":"11","employee_name":"Jena Gaines","employee_salary":"90560","employee_age":"30","profile_image":""},{"id":"12","employee_name":"Quinn Flynn","employee_salary":"342000","employee_age":"22","profile_image":""},{"id":"13","employee_name":"Charde Marshall","employee_salary":"470600","employee_age":"36","profile_image":""},{"id":"14","employee_name":"Haley Kennedy","employee_salary":"313500","employee_age":"43","profile_image":""},{"id":"15","employee_name":"Tatyana Fitzpatrick","employee_salary":"385750","employee_age":"19","profile_image":""},{"id":"16","employee_name":"Michael Silva","employee_salary":"198500","employee_age":"66","profile_image":""},{"id":"17","employee_name":"Paul Byrd","employee_salary":"725000","employee_age":"64","profile_image":""},{"id":"18","employee_name":"Gloria Little","employee_salary":"237500","employee_age":"59","profile_image":""},{"id":"19","employee_name":"Bradley Greer","employee_salary":"132000","employee_age":"41","profile_image":""},{"id":"20","employee_name":"Dai Rios","employee_salary":"217500","employee_age":"35","profile_image":""},{"id":"21","employee_name":"Jenette Caldwell","employee_salary":"345000","employee_age":"30","profile_image":""},{"id":"22","employee_name":"Yuri Berry","employee_salary":"675000","employee_age":"40","profile_image":""},{"id":"23","employee_name":"Caesar Vance","employee_salary":"106450","employee_age":"21","profile_image":""},{"id":"24","employee_name":"Doris Wilder","employee_salary":"85600","employee_age":"23","profile_image":""}]}
]]></system-out>
  </testcase>
  <testcase name="checkResponseTime" classname="com.employee.testCases.TC001_Get_All_Employees" time="0.002">
    <system-out><![CDATA[*** Checking Response Time ***
Response Time==>2157
]]></system-out>
  </testcase>
  <testcase name="checkStatusCode" classname="com.employee.testCases.TC001_Get_All_Employees" time="0.002">
    <system-out><![CDATA[*** Checking Status Code ***
Status Code==>200
]]></system-out>
  </testcase>
  <testcase name="checkstatusLine" classname="com.employee.testCases.TC001_Get_All_Employees" time="0.002">
    <system-out><![CDATA[*** Check status line ***
Status Line is ==>HTTP/1.1 200 OK
]]></system-out>
  </testcase>
  <testcase name="checkContentType" classname="com.employee.testCases.TC004_Put_Employee_Record" time="0.014">
    <failure message="Cannot invoke method getValue() on null object" type="java.lang.NullPointerException"><![CDATA[java.lang.NullPointerException: Cannot invoke method getValue() on null object
	at com.employee.testCases.TC004_Put_Employee_Record.checkContentType(TC004_Put_Employee_Record.java:93)
]]></failure>
    <system-out><![CDATA[*** Test Case End ***
]]></system-out>
  </testcase>
  <testcase name="checkResponseBody" classname="com.employee.testCases.TC004_Put_Employee_Record" time="0.002">
    <failure message="expected [true] but found [false]" type="java.lang.AssertionError"><![CDATA[java.lang.AssertionError: expected [true] but found [false]
	at com.employee.testCases.TC004_Put_Employee_Record.checkResponseBody(TC004_Put_Employee_Record.java:51)
]]></failure>
    <system-out><![CDATA[****** Checking Response Body *****
]]></system-out>
  </testcase>
  <testcase name="checkResponseTime" classname="com.employee.testCases.TC004_Put_Employee_Record" time="0.002">
    <system-out><![CDATA[*** Checking Response Time ***
Response Time==>1028
]]></system-out>
  </testcase>
  <testcase name="checkStatusCode" classname="com.employee.testCases.TC004_Put_Employee_Record" time="0.002">
    <failure message="expected [200] but found [-1]" type="java.lang.AssertionError"><![CDATA[java.lang.AssertionError: expected [200] but found [-1]
	at com.employee.testCases.TC004_Put_Employee_Record.checkStatusCode(TC004_Put_Employee_Record.java:64)
]]></failure>
    <system-out><![CDATA[*** Checking Status Code ***
Status Code==>-1
]]></system-out>
  </testcase>
  <testcase name="checkstatusLine" classname="com.employee.testCases.TC004_Put_Employee_Record" time="0.002">
    <failure message="expected [HTTP/1.1 200 OK] but found [null]" type="java.lang.AssertionError"><![CDATA[java.lang.AssertionError: expected [HTTP/1.1 200 OK] but found [null]
	at com.employee.testCases.TC004_Put_Employee_Record.checkstatusLine(TC004_Put_Employee_Record.java:86)
]]></failure>
    <system-out><![CDATA[*** Check status line ***
Status Line is ==>null
]]></system-out>
  </testcase>
  <testcase name="checkContentType" classname="com.employee.testCases.TC005_Delete_Employee_Record" time="0.002">
    <failure message="Cannot invoke method getValue() on null object" type="java.lang.NullPointerException"><![CDATA[java.lang.NullPointerException: Cannot invoke method getValue() on null object
	at com.employee.testCases.TC005_Delete_Employee_Record.checkContentType(TC005_Delete_Employee_Record.java:71)
]]></failure>
    <system-out><![CDATA[*** Test Case End ***
]]></system-out>
  </testcase>
  <testcase name="checkResponseTime" classname="com.employee.testCases.TC005_Delete_Employee_Record" time="0.002">
    <system-out><![CDATA[*** Checking Response Time ***
Response Time==>1028
]]></system-out>
  </testcase>
  <testcase name="checkStatusCode" classname="com.employee.testCases.TC005_Delete_Employee_Record" time="0.003">
    <failure message="expected [200] but found [-1]" type="java.lang.AssertionError"><![CDATA[java.lang.AssertionError: expected [200] but found [-1]
	at com.employee.testCases.TC005_Delete_Employee_Record.checkStatusCode(TC005_Delete_Employee_Record.java:42)
]]></failure>
    <system-out><![CDATA[*** Checking Status Code ***
Status Code==>-1
]]></system-out>
  </testcase>
  <testcase name="checkstatusLine" classname="com.employee.testCases.TC005_Delete_Employee_Record" time="0.002">
    <failure message="expected [HTTP/1.1 200 OK] but found [null]" type="java.lang.AssertionError"><![CDATA[java.lang.AssertionError: expected [HTTP/1.1 200 OK] but found [null]
	at com.employee.testCases.TC005_Delete_Employee_Record.checkstatusLine(TC005_Delete_Employee_Record.java:64)
]]></failure>
    <system-out><![CDATA[*** Check status line ***
Status Line is ==>null
]]></system-out>
  </testcase>
  <testcase name="checkContentType" classname="com.employee.testCases.TC003_Post_Employee_Record" time="0.001">
    <failure message="Cannot invoke method getValue() on null object" type="java.lang.NullPointerException"><![CDATA[java.lang.NullPointerException: Cannot invoke method getValue() on null object
	at com.employee.testCases.TC003_Post_Employee_Record.checkContentType(TC003_Post_Employee_Record.java:93)
]]></failure>
    <system-out><![CDATA[*** Test Case End ***
]]></system-out>
  </testcase>
  <testcase name="checkResponseBody" classname="com.employee.testCases.TC003_Post_Employee_Record" time="0.002">
    <failure message="expected [true] but found [false]" type="java.lang.AssertionError"><![CDATA[java.lang.AssertionError: expected [true] but found [false]
	at com.employee.testCases.TC003_Post_Employee_Record.checkResponseBody(TC003_Post_Employee_Record.java:51)
]]></failure>
    <system-out><![CDATA[****** Checking Response Body *****
]]></system-out>
  </testcase>
  <testcase name="checkResponseTime" classname="com.employee.testCases.TC003_Post_Employee_Record" time="0.002">
    <system-out><![CDATA[*** Checking Response Time ***
Response Time==>1028
]]></system-out>
  </testcase>
  <testcase name="checkStatusCode" classname="com.employee.testCases.TC003_Post_Employee_Record" time="0.003">
    <failure message="expected [200] but found [-1]" type="java.lang.AssertionError"><![CDATA[java.lang.AssertionError: expected [200] but found [-1]
	at com.employee.testCases.TC003_Post_Employee_Record.checkStatusCode(TC003_Post_Employee_Record.java:64)
]]></failure>
    <system-out><![CDATA[*** Checking Status Code ***
Status Code==>-1
]]></system-out>
  </testcase>
  <testcase name="checkstatusLine" classname="com.employee.testCases.TC003_Post_Employee_Record" time="0.003">
    <failure message="expected [HTTP/1.1 200 OK] but found [null]" type="java.lang.AssertionError"><![CDATA[java.lang.AssertionError: expected [HTTP/1.1 200 OK] but found [null]
	at com.employee.testCases.TC003_Post_Employee_Record.checkstatusLine(TC003_Post_Employee_Record.java:86)
]]></failure>
    <system-out><![CDATA[*** Check status line ***
Status Line is ==>null
]]></system-out>
  </testcase>
</testsuite>