<?xml version="1.0" encoding="UTF-8"?>
<!-- Generated by org.testng.reporters.JUnitReportReporter -->
<testsuite skipped="0" hostname="Dell-Namanmishar" name="com.employee.testCases.TC002_Get_Single_Employee_Data" tests="5" failures="0" timestamp="2021-04-08T19:51:51 IST" time="0.007" errors="0">
  <testcase name="checkResponseBody" time="0.002" classname="com.employee.testCases.TC002_Get_Single_Employee_Data"/>
  <system-out/>
  <testcase name="checkStatusCode" time="0.002" classname="com.employee.testCases.TC002_Get_Single_Employee_Data"/>
  <system-out/>
  <testcase name="checkResponseTime" time="0.001" classname="com.employee.testCases.TC002_Get_Single_Employee_Data"/>
  <system-out/>
  <testcase name="checkContentType" time="0.001" classname="com.employee.testCases.TC002_Get_Single_Employee_Data"/>
  <system-out/>
  <testcase name="checkstatusLine" time="0.001" classname="com.employee.testCases.TC002_Get_Single_Employee_Data"/>
  <system-out/>
</testsuite> <!-- com.employee.testCases.TC002_Get_Single_Employee_Data -->
