<?xml version="1.0" encoding="UTF-8"?>
<!-- Generated by org.testng.reporters.JUnitReportReporter -->
<testsuite skipped="0" hostname="Dell-Namanmishar" name="ExtentReportsDemoWithTestNg" tests="2" failures="0" timestamp="2021-04-04T20:37:57 IST" time="0.022" errors="0">
  <testcase name="test1" time="0.021" classname="ExtentReportsDemoWithTestNg"/>
  <system-out/>
  <testcase name="test2" time="0.001" classname="ExtentReportsDemoWithTestNg"/>
  <system-out/>
</testsuite> <!-- ExtentReportsDemoWithTestNg -->
