<?xml version="1.0" encoding="UTF-8"?>
<!-- Generated by org.testng.reporters.JUnitReportReporter -->
<testsuite skipped="0" hostname="Dell-Namanmishar" name="extentReports.ExtentReportFive" tests="1" failures="0" timestamp="2021-04-07T20:17:48 IST" time="0.469" errors="0">
  <testcase name="extentTest" time="0.469" classname="extentReports.ExtentReportFive"/>
  <system-out/>
</testsuite> <!-- extentReports.ExtentReportFive -->
