<?xml version="1.0" encoding="UTF-8"?>
<!-- Generated by org.testng.reporters.JUnitReportReporter -->
<testsuite skipped="0" hostname="Dell-Namanmishar" name="com.employee.testCases.TC001_Get_All_Employees" tests="4" failures="0" timestamp="2021-04-09T11:55:24 IST" time="0.003" errors="0">
  <testcase name="checkStatusCode" time="0.000" classname="com.employee.testCases.TC001_Get_All_Employees"/>
  <system-out/>
  <testcase name="checkResponseBody" time="0.002" classname="com.employee.testCases.TC001_Get_All_Employees"/>
  <system-out/>
  <testcase name="checkResponseTime" time="0.000" classname="com.employee.testCases.TC001_Get_All_Employees"/>
  <system-out/>
  <testcase name="checkstatusLine" time="0.001" classname="com.employee.testCases.TC001_Get_All_Employees"/>
  <system-out/>
</testsuite> <!-- com.employee.testCases.TC001_Get_All_Employees -->
